13:43:39,538 |-INFO in org.apache.rocketmq.logging.ch.qos.logback.classic.LoggerContext[default] - This is logback-classic version 1.3.5-rocketmq
13:43:39,567 |-INFO in org.apache.rocketmq.logging.ch.qos.logback.classic.LoggerContext[default] - Found resource [C:\englishprogram\rocketmq-all-5.3.3-bin-release\conf\rmq.broker.logback.xml] at [file:/C:/englishprogram/rocketmq-all-5.3.3-bin-release/conf/rmq.broker.logback.xml]
13:43:39,726 |-WARN in org.apache.rocketmq.logging.ch.qos.logback.classic.joran.action.LevelAction - <level> element is deprecated. Near [level] on line 700
13:43:39,726 |-WARN in org.apache.rocketmq.logging.ch.qos.logback.classic.joran.action.LevelAction - Please use "level" attribute within <logger> or <root> elements instead.
13:43:39,776 |-INFO in org.apache.rocketmq.logging.ch.qos.logback.classic.model.processor.ConfigurationModelHandler - Registering a new ReconfigureOnChangeTask ReconfigureOnChangeTask(born:1778305419776)
13:43:39,776 |-INFO in org.apache.rocketmq.logging.ch.qos.logback.classic.model.processor.ConfigurationModelHandler - Will scan for changes in [file:/C:/englishprogram/rocketmq-all-5.3.3-bin-release/conf/rmq.broker.logback.xml] 
13:43:39,776 |-INFO in org.apache.rocketmq.logging.ch.qos.logback.classic.model.processor.ConfigurationModelHandler - Setting ReconfigureOnChangeTask scanning period to 30 seconds
13:43:39,780 |-INFO in org.apache.rocketmq.logging.ch.qos.logback.core.model.processor.AppenderModelHandler - Processing appender named [DefaultSiftingAppender_inner]
13:43:39,780 |-INFO in org.apache.rocketmq.logging.ch.qos.logback.core.model.processor.AppenderModelHandler - About to instantiate appender of type [org.apache.rocketmq.logging.ch.qos.logback.classic.sift.SiftingAppender]
13:43:39,789 |-INFO in org.apache.rocketmq.logging.ch.qos.logback.core.model.processor.ImplicitModelHandler - Assuming default type [org.apache.rocketmq.logging.ch.qos.logback.classic.sift.MDCBasedDiscriminator] for [discriminator] property
13:43:39,814 |-INFO in org.apache.rocketmq.logging.ch.qos.logback.core.model.processor.AppenderModelHandler - Processing appender named [DefaultSiftingAppender]
13:43:39,814 |-INFO in org.apache.rocketmq.logging.ch.qos.logback.core.model.processor.AppenderModelHandler - About to instantiate appender of type [org.apache.rocketmq.logging.ch.qos.logback.classic.AsyncAppender]
13:43:39,816 |-INFO in org.apache.rocketmq.logging.ch.qos.logback.core.model.processor.AppenderRefModelHandler - Attaching appender named [DefaultSiftingAppender_inner] to org.apache.rocketmq.logging.ch.qos.logback.classic.AsyncAppender[DefaultSiftingAppender]
13:43:39,816 |-INFO in org.apache.rocketmq.logging.ch.qos.logback.classic.AsyncAppender[DefaultSiftingAppender] - Attaching appender named [DefaultSiftingAppender_inner] to AsyncAppender.
13:43:39,817 |-INFO in org.apache.rocketmq.logging.ch.qos.logback.classic.AsyncAppender[DefaultSiftingAppender] - Setting discardingThreshold to 51
13:43:39,817 |-INFO in org.apache.rocketmq.logging.ch.qos.logback.core.model.processor.AppenderModelHandler - Processing appender named [RocketmqBrokerSiftingAppender_inner]
13:43:39,817 |-INFO in org.apache.rocketmq.logging.ch.qos.logback.core.model.processor.AppenderModelHandler - About to instantiate appender of type [org.apache.rocketmq.logging.ch.qos.logback.classic.sift.SiftingAppender]
13:43:39,817 |-INFO in org.apache.rocketmq.logging.ch.qos.logback.core.model.processor.ImplicitModelHandler - Assuming default type [org.apache.rocketmq.logging.ch.qos.logback.classic.sift.MDCBasedDiscriminator] for [discriminator] property
13:43:39,817 |-INFO in org.apache.rocketmq.logging.ch.qos.logback.core.model.processor.AppenderModelHandler - Processing appender named [RocketmqBrokerSiftingAppender]
13:43:39,817 |-INFO in org.apache.rocketmq.logging.ch.qos.logback.core.model.processor.AppenderModelHandler - About to instantiate appender of type [org.apache.rocketmq.logging.ch.qos.logback.classic.AsyncAppender]
13:43:39,817 |-INFO in org.apache.rocketmq.logging.ch.qos.logback.core.model.processor.AppenderRefModelHandler - Attaching appender named [RocketmqBrokerSiftingAppender_inner] to org.apache.rocketmq.logging.ch.qos.logback.classic.AsyncAppender[RocketmqBrokerSiftingAppender]
13:43:39,817 |-INFO in org.apache.rocketmq.logging.ch.qos.logback.classic.AsyncAppender[RocketmqBrokerSiftingAppender] - Attaching appender named [RocketmqBrokerSiftingAppender_inner] to AsyncAppender.
13:43:39,817 |-INFO in org.apache.rocketmq.logging.ch.qos.logback.classic.AsyncAppender[RocketmqBrokerSiftingAppender] - Setting discardingThreshold to 51
13:43:39,817 |-INFO in org.apache.rocketmq.logging.ch.qos.logback.core.model.processor.AppenderModelHandler - Processing appender named [RocketmqProtectionSiftingAppender_inner]
13:43:39,817 |-INFO in org.apache.rocketmq.logging.ch.qos.logback.core.model.processor.AppenderModelHandler - About to instantiate appender of type [org.apache.rocketmq.logging.ch.qos.logback.classic.sift.SiftingAppender]
13:43:39,817 |-INFO in org.apache.rocketmq.logging.ch.qos.logback.core.model.processor.ImplicitModelHandler - Assuming default type [org.apache.rocketmq.logging.ch.qos.logback.classic.sift.MDCBasedDiscriminator] for [discriminator] property
13:43:39,817 |-INFO in org.apache.rocketmq.logging.ch.qos.logback.core.model.processor.AppenderModelHandler - Processing appender named [RocketmqProtectionSiftingAppender]
13:43:39,817 |-INFO in org.apache.rocketmq.logging.ch.qos.logback.core.model.processor.AppenderModelHandler - About to instantiate appender of type [org.apache.rocketmq.logging.ch.qos.logback.classic.AsyncAppender]
13:43:39,817 |-INFO in org.apache.rocketmq.logging.ch.qos.logback.core.model.processor.AppenderRefModelHandler - Attaching appender named [RocketmqProtectionSiftingAppender_inner] to org.apache.rocketmq.logging.ch.qos.logback.classic.AsyncAppender[RocketmqProtectionSiftingAppender]
13:43:39,817 |-INFO in org.apache.rocketmq.logging.ch.qos.logback.classic.AsyncAppender[RocketmqProtectionSiftingAppender] - Attaching appender named [RocketmqProtectionSiftingAppender_inner] to AsyncAppender.
13:43:39,817 |-INFO in org.apache.rocketmq.logging.ch.qos.logback.classic.AsyncAppender[RocketmqProtectionSiftingAppender] - Setting discardingThreshold to 51
13:43:39,817 |-INFO in org.apache.rocketmq.logging.ch.qos.logback.core.model.processor.AppenderModelHandler - Processing appender named [RocketmqWaterMarkSiftingAppender_inner]
13:43:39,817 |-INFO in org.apache.rocketmq.logging.ch.qos.logback.core.model.processor.AppenderModelHandler - About to instantiate appender of type [org.apache.rocketmq.logging.ch.qos.logback.classic.sift.SiftingAppender]
13:43:39,818 |-INFO in org.apache.rocketmq.logging.ch.qos.logback.core.model.processor.ImplicitModelHandler - Assuming default type [org.apache.rocketmq.logging.ch.qos.logback.classic.sift.MDCBasedDiscriminator] for [discriminator] property
13:43:39,818 |-INFO in org.apache.rocketmq.logging.ch.qos.logback.core.model.processor.AppenderModelHandler - Processing appender named [RocketmqWaterMarkSiftingAppender]
13:43:39,818 |-INFO in org.apache.rocketmq.logging.ch.qos.logback.core.model.processor.AppenderModelHandler - About to instantiate appender of type [org.apache.rocketmq.logging.ch.qos.logback.classic.AsyncAppender]
13:43:39,818 |-INFO in org.apache.rocketmq.logging.ch.qos.logback.core.model.processor.AppenderRefModelHandler - Attaching appender named [RocketmqWaterMarkSiftingAppender_inner] to org.apache.rocketmq.logging.ch.qos.logback.classic.AsyncAppender[RocketmqWaterMarkSiftingAppender]
13:43:39,818 |-INFO in org.apache.rocketmq.logging.ch.qos.logback.classic.AsyncAppender[RocketmqWaterMarkSiftingAppender] - Attaching appender named [RocketmqWaterMarkSiftingAppender_inner] to AsyncAppender.
13:43:39,818 |-INFO in org.apache.rocketmq.logging.ch.qos.logback.classic.AsyncAppender[RocketmqWaterMarkSiftingAppender] - Setting discardingThreshold to 51
13:43:39,818 |-INFO in org.apache.rocketmq.logging.ch.qos.logback.core.model.processor.AppenderModelHandler - Processing appender named [RocketmqRocksDBSiftingAppender_inner]
13:43:39,818 |-INFO in org.apache.rocketmq.logging.ch.qos.logback.core.model.processor.AppenderModelHandler - About to instantiate appender of type [org.apache.rocketmq.logging.ch.qos.logback.classic.sift.SiftingAppender]
13:43:39,818 |-INFO in org.apache.rocketmq.logging.ch.qos.logback.core.model.processor.ImplicitModelHandler - Assuming default type [org.apache.rocketmq.logging.ch.qos.logback.classic.sift.MDCBasedDiscriminator] for [discriminator] property
13:43:39,818 |-INFO in org.apache.rocketmq.logging.ch.qos.logback.core.model.processor.AppenderModelHandler - Processing appender named [RocketmqRocksDBSiftingAppender]
13:43:39,818 |-INFO in org.apache.rocketmq.logging.ch.qos.logback.core.model.processor.AppenderModelHandler - About to instantiate appender of type [org.apache.rocketmq.logging.ch.qos.logback.classic.AsyncAppender]
13:43:39,818 |-INFO in org.apache.rocketmq.logging.ch.qos.logback.core.model.processor.AppenderRefModelHandler - Attaching appender named [RocketmqRocksDBSiftingAppender_inner] to org.apache.rocketmq.logging.ch.qos.logback.classic.AsyncAppender[RocketmqRocksDBSiftingAppender]
13:43:39,818 |-INFO in org.apache.rocketmq.logging.ch.qos.logback.classic.AsyncAppender[RocketmqRocksDBSiftingAppender] - Attaching appender named [RocketmqRocksDBSiftingAppender_inner] to AsyncAppender.
13:43:39,818 |-INFO in org.apache.rocketmq.logging.ch.qos.logback.classic.AsyncAppender[RocketmqRocksDBSiftingAppender] - Setting discardingThreshold to 51
13:43:39,818 |-INFO in org.apache.rocketmq.logging.ch.qos.logback.core.model.processor.AppenderModelHandler - Processing appender named [RocketmqStoreSiftingAppender_inner]
13:43:39,818 |-INFO in org.apache.rocketmq.logging.ch.qos.logback.core.model.processor.AppenderModelHandler - About to instantiate appender of type [org.apache.rocketmq.logging.ch.qos.logback.classic.sift.SiftingAppender]
13:43:39,818 |-INFO in org.apache.rocketmq.logging.ch.qos.logback.core.model.processor.ImplicitModelHandler - Assuming default type [org.apache.rocketmq.logging.ch.qos.logback.classic.sift.MDCBasedDiscriminator] for [discriminator] property
13:43:39,818 |-INFO in org.apache.rocketmq.logging.ch.qos.logback.core.model.processor.AppenderModelHandler - Processing appender named [RocketmqStoreSiftingAppender]
13:43:39,818 |-INFO in org.apache.rocketmq.logging.ch.qos.logback.core.model.processor.AppenderModelHandler - About to instantiate appender of type [org.apache.rocketmq.logging.ch.qos.logback.classic.AsyncAppender]
13:43:39,818 |-INFO in org.apache.rocketmq.logging.ch.qos.logback.core.model.processor.AppenderRefModelHandler - Attaching appender named [RocketmqStoreSiftingAppender_inner] to org.apache.rocketmq.logging.ch.qos.logback.classic.AsyncAppender[RocketmqStoreSiftingAppender]
13:43:39,818 |-INFO in org.apache.rocketmq.logging.ch.qos.logback.classic.AsyncAppender[RocketmqStoreSiftingAppender] - Attaching appender named [RocketmqStoreSiftingAppender_inner] to AsyncAppender.
13:43:39,818 |-INFO in org.apache.rocketmq.logging.ch.qos.logback.classic.AsyncAppender[RocketmqStoreSiftingAppender] - Setting discardingThreshold to 51
13:43:39,818 |-INFO in org.apache.rocketmq.logging.ch.qos.logback.core.model.processor.AppenderModelHandler - Processing appender named [RocketmqTieredStoreSiftingAppender_inner]
13:43:39,818 |-INFO in org.apache.rocketmq.logging.ch.qos.logback.core.model.processor.AppenderModelHandler - About to instantiate appender of type [org.apache.rocketmq.logging.ch.qos.logback.classic.sift.SiftingAppender]
13:43:39,818 |-INFO in org.apache.rocketmq.logging.ch.qos.logback.core.model.processor.ImplicitModelHandler - Assuming default type [org.apache.rocketmq.logging.ch.qos.logback.classic.sift.MDCBasedDiscriminator] for [discriminator] property
13:43:39,818 |-INFO in org.apache.rocketmq.logging.ch.qos.logback.core.model.processor.AppenderModelHandler - Processing appender named [RocketmqTieredStoreSiftingAppender]
13:43:39,818 |-INFO in org.apache.rocketmq.logging.ch.qos.logback.core.model.processor.AppenderModelHandler - About to instantiate appender of type [org.apache.rocketmq.logging.ch.qos.logback.classic.AsyncAppender]
13:43:39,818 |-INFO in org.apache.rocketmq.logging.ch.qos.logback.core.model.processor.AppenderRefModelHandler - Attaching appender named [RocketmqTieredStoreSiftingAppender_inner] to org.apache.rocketmq.logging.ch.qos.logback.classic.AsyncAppender[RocketmqTieredStoreSiftingAppender]
13:43:39,818 |-INFO in org.apache.rocketmq.logging.ch.qos.logback.classic.AsyncAppender[RocketmqTieredStoreSiftingAppender] - Attaching appender named [RocketmqTieredStoreSiftingAppender_inner] to AsyncAppender.
13:43:39,818 |-INFO in org.apache.rocketmq.logging.ch.qos.logback.classic.AsyncAppender[RocketmqTieredStoreSiftingAppender] - Setting discardingThreshold to 51
13:43:39,818 |-INFO in org.apache.rocketmq.logging.ch.qos.logback.core.model.processor.AppenderModelHandler - Processing appender named [RocketmqTrafficSiftingAppender_inner]
13:43:39,818 |-INFO in org.apache.rocketmq.logging.ch.qos.logback.core.model.processor.AppenderModelHandler - About to instantiate appender of type [org.apache.rocketmq.logging.ch.qos.logback.classic.sift.SiftingAppender]
13:43:39,818 |-INFO in org.apache.rocketmq.logging.ch.qos.logback.core.model.processor.ImplicitModelHandler - Assuming default type [org.apache.rocketmq.logging.ch.qos.logback.classic.sift.MDCBasedDiscriminator] for [discriminator] property
13:43:39,819 |-INFO in org.apache.rocketmq.logging.ch.qos.logback.core.model.processor.AppenderModelHandler - Processing appender named [RocketmqTrafficSiftingAppender]
13:43:39,819 |-INFO in org.apache.rocketmq.logging.ch.qos.logback.core.model.processor.AppenderModelHandler - About to instantiate appender of type [org.apache.rocketmq.logging.ch.qos.logback.classic.AsyncAppender]
13:43:39,819 |-INFO in org.apache.rocketmq.logging.ch.qos.logback.core.model.processor.AppenderRefModelHandler - Attaching appender named [RocketmqTrafficSiftingAppender_inner] to org.apache.rocketmq.logging.ch.qos.logback.classic.AsyncAppender[RocketmqTrafficSiftingAppender]
13:43:39,819 |-INFO in org.apache.rocketmq.logging.ch.qos.logback.classic.AsyncAppender[RocketmqTrafficSiftingAppender] - Attaching appender named [RocketmqTrafficSiftingAppender_inner] to AsyncAppender.
13:43:39,819 |-INFO in org.apache.rocketmq.logging.ch.qos.logback.classic.AsyncAppender[RocketmqTrafficSiftingAppender] - Setting discardingThreshold to 51
13:43:39,819 |-INFO in org.apache.rocketmq.logging.ch.qos.logback.core.model.processor.AppenderModelHandler - Processing appender named [RocketmqRemotingSiftingAppender_inner]
13:43:39,819 |-INFO in org.apache.rocketmq.logging.ch.qos.logback.core.model.processor.AppenderModelHandler - About to instantiate appender of type [org.apache.rocketmq.logging.ch.qos.logback.classic.sift.SiftingAppender]
13:43:39,819 |-INFO in org.apache.rocketmq.logging.ch.qos.logback.core.model.processor.ImplicitModelHandler - Assuming default type [org.apache.rocketmq.logging.ch.qos.logback.classic.sift.MDCBasedDiscriminator] for [discriminator] property
13:43:39,819 |-INFO in org.apache.rocketmq.logging.ch.qos.logback.core.model.processor.AppenderModelHandler - Processing appender named [RocketmqRemotingSiftingAppender]
13:43:39,819 |-INFO in org.apache.rocketmq.logging.ch.qos.logback.core.model.processor.AppenderModelHandler - About to instantiate appender of type [org.apache.rocketmq.logging.ch.qos.logback.classic.AsyncAppender]
13:43:39,819 |-INFO in org.apache.rocketmq.logging.ch.qos.logback.core.model.processor.AppenderRefModelHandler - Attaching appender named [RocketmqRemotingSiftingAppender_inner] to org.apache.rocketmq.logging.ch.qos.logback.classic.AsyncAppender[RocketmqRemotingSiftingAppender]
13:43:39,819 |-INFO in org.apache.rocketmq.logging.ch.qos.logback.classic.AsyncAppender[RocketmqRemotingSiftingAppender] - Attaching appender named [RocketmqRemotingSiftingAppender_inner] to AsyncAppender.
13:43:39,819 |-INFO in org.apache.rocketmq.logging.ch.qos.logback.classic.AsyncAppender[RocketmqRemotingSiftingAppender] - Setting discardingThreshold to 51
13:43:39,819 |-INFO in org.apache.rocketmq.logging.ch.qos.logback.core.model.processor.AppenderModelHandler - Processing appender named [RocketmqStoreErrorSiftingAppender_inner]
13:43:39,819 |-INFO in org.apache.rocketmq.logging.ch.qos.logback.core.model.processor.AppenderModelHandler - About to instantiate appender of type [org.apache.rocketmq.logging.ch.qos.logback.classic.sift.SiftingAppender]
13:43:39,819 |-INFO in org.apache.rocketmq.logging.ch.qos.logback.core.model.processor.ImplicitModelHandler - Assuming default type [org.apache.rocketmq.logging.ch.qos.logback.classic.sift.MDCBasedDiscriminator] for [discriminator] property
13:43:39,819 |-INFO in org.apache.rocketmq.logging.ch.qos.logback.core.model.processor.AppenderModelHandler - Processing appender named [RocketmqStoreErrorSiftingAppender]
13:43:39,819 |-INFO in org.apache.rocketmq.logging.ch.qos.logback.core.model.processor.AppenderModelHandler - About to instantiate appender of type [org.apache.rocketmq.logging.ch.qos.logback.classic.AsyncAppender]
13:43:39,819 |-INFO in org.apache.rocketmq.logging.ch.qos.logback.core.model.processor.AppenderRefModelHandler - Attaching appender named [RocketmqStoreErrorSiftingAppender_inner] to org.apache.rocketmq.logging.ch.qos.logback.classic.AsyncAppender[RocketmqStoreErrorSiftingAppender]
13:43:39,819 |-INFO in org.apache.rocketmq.logging.ch.qos.logback.classic.AsyncAppender[RocketmqStoreErrorSiftingAppender] - Attaching appender named [RocketmqStoreErrorSiftingAppender_inner] to AsyncAppender.
13:43:39,819 |-INFO in org.apache.rocketmq.logging.ch.qos.logback.classic.AsyncAppender[RocketmqStoreErrorSiftingAppender] - Setting discardingThreshold to 51
13:43:39,819 |-INFO in org.apache.rocketmq.logging.ch.qos.logback.core.model.processor.AppenderModelHandler - Processing appender named [RocketmqTransactionSiftingAppender_inner]
13:43:39,819 |-INFO in org.apache.rocketmq.logging.ch.qos.logback.core.model.processor.AppenderModelHandler - About to instantiate appender of type [org.apache.rocketmq.logging.ch.qos.logback.classic.sift.SiftingAppender]
13:43:39,819 |-INFO in org.apache.rocketmq.logging.ch.qos.logback.core.model.processor.ImplicitModelHandler - Assuming default type [org.apache.rocketmq.logging.ch.qos.logback.classic.sift.MDCBasedDiscriminator] for [discriminator] property
13:43:39,819 |-INFO in org.apache.rocketmq.logging.ch.qos.logback.core.model.processor.AppenderModelHandler - Processing appender named [RocketmqTransactionSiftingAppender]
13:43:39,819 |-INFO in org.apache.rocketmq.logging.ch.qos.logback.core.model.processor.AppenderModelHandler - About to instantiate appender of type [org.apache.rocketmq.logging.ch.qos.logback.classic.AsyncAppender]
13:43:39,819 |-INFO in org.apache.rocketmq.logging.ch.qos.logback.core.model.processor.AppenderRefModelHandler - Attaching appender named [RocketmqTransactionSiftingAppender_inner] to org.apache.rocketmq.logging.ch.qos.logback.classic.AsyncAppender[RocketmqTransactionSiftingAppender]
13:43:39,819 |-INFO in org.apache.rocketmq.logging.ch.qos.logback.classic.AsyncAppender[RocketmqTransactionSiftingAppender] - Attaching appender named [RocketmqTransactionSiftingAppender_inner] to AsyncAppender.
13:43:39,819 |-INFO in org.apache.rocketmq.logging.ch.qos.logback.classic.AsyncAppender[RocketmqTransactionSiftingAppender] - Setting discardingThreshold to 51
13:43:39,819 |-INFO in org.apache.rocketmq.logging.ch.qos.logback.core.model.processor.AppenderModelHandler - Processing appender named [RocketmqRebalanceLockSiftingAppender_inner]
13:43:39,819 |-INFO in org.apache.rocketmq.logging.ch.qos.logback.core.model.processor.AppenderModelHandler - About to instantiate appender of type [org.apache.rocketmq.logging.ch.qos.logback.classic.sift.SiftingAppender]
13:43:39,819 |-INFO in org.apache.rocketmq.logging.ch.qos.logback.core.model.processor.ImplicitModelHandler - Assuming default type [org.apache.rocketmq.logging.ch.qos.logback.classic.sift.MDCBasedDiscriminator] for [discriminator] property
13:43:39,820 |-INFO in org.apache.rocketmq.logging.ch.qos.logback.core.model.processor.AppenderModelHandler - Processing appender named [RocketmqRebalanceLockSiftingAppender]
13:43:39,820 |-INFO in org.apache.rocketmq.logging.ch.qos.logback.core.model.processor.AppenderModelHandler - About to instantiate appender of type [org.apache.rocketmq.logging.ch.qos.logback.classic.AsyncAppender]
13:43:39,820 |-INFO in org.apache.rocketmq.logging.ch.qos.logback.core.model.processor.AppenderRefModelHandler - Attaching appender named [RocketmqRebalanceLockSiftingAppender_inner] to org.apache.rocketmq.logging.ch.qos.logback.classic.AsyncAppender[RocketmqRebalanceLockSiftingAppender]
13:43:39,820 |-INFO in org.apache.rocketmq.logging.ch.qos.logback.classic.AsyncAppender[RocketmqRebalanceLockSiftingAppender] - Attaching appender named [RocketmqRebalanceLockSiftingAppender_inner] to AsyncAppender.
13:43:39,820 |-INFO in org.apache.rocketmq.logging.ch.qos.logback.classic.AsyncAppender[RocketmqRebalanceLockSiftingAppender] - Setting discardingThreshold to 51
13:43:39,820 |-INFO in org.apache.rocketmq.logging.ch.qos.logback.core.model.processor.AppenderModelHandler - Processing appender named [RocketmqFilterSiftingAppender_inner]
13:43:39,820 |-INFO in org.apache.rocketmq.logging.ch.qos.logback.core.model.processor.AppenderModelHandler - About to instantiate appender of type [org.apache.rocketmq.logging.ch.qos.logback.classic.sift.SiftingAppender]
13:43:39,820 |-INFO in org.apache.rocketmq.logging.ch.qos.logback.core.model.processor.ImplicitModelHandler - Assuming default type [org.apache.rocketmq.logging.ch.qos.logback.classic.sift.MDCBasedDiscriminator] for [discriminator] property
13:43:39,820 |-INFO in org.apache.rocketmq.logging.ch.qos.logback.core.model.processor.AppenderModelHandler - Processing appender named [RocketmqRebalanceLockSiftingAppender]
13:43:39,820 |-INFO in org.apache.rocketmq.logging.ch.qos.logback.core.model.processor.AppenderModelHandler - About to instantiate appender of type [org.apache.rocketmq.logging.ch.qos.logback.classic.AsyncAppender]
13:43:39,820 |-INFO in org.apache.rocketmq.logging.ch.qos.logback.core.model.processor.AppenderRefModelHandler - Attaching appender named [RocketmqFilterSiftingAppender_inner] to org.apache.rocketmq.logging.ch.qos.logback.classic.AsyncAppender[RocketmqRebalanceLockSiftingAppender]
13:43:39,820 |-INFO in org.apache.rocketmq.logging.ch.qos.logback.classic.AsyncAppender[RocketmqRebalanceLockSiftingAppender] - Attaching appender named [RocketmqFilterSiftingAppender_inner] to AsyncAppender.
13:43:39,820 |-INFO in org.apache.rocketmq.logging.ch.qos.logback.classic.AsyncAppender[RocketmqRebalanceLockSiftingAppender] - Setting discardingThreshold to 51
13:43:39,820 |-INFO in org.apache.rocketmq.logging.ch.qos.logback.core.model.processor.AppenderModelHandler - Processing appender named [RocketmqStatsSiftingAppender_inner]
13:43:39,820 |-INFO in org.apache.rocketmq.logging.ch.qos.logback.core.model.processor.AppenderModelHandler - About to instantiate appender of type [org.apache.rocketmq.logging.ch.qos.logback.classic.sift.SiftingAppender]
13:43:39,820 |-INFO in org.apache.rocketmq.logging.ch.qos.logback.core.model.processor.ImplicitModelHandler - Assuming default type [org.apache.rocketmq.logging.ch.qos.logback.classic.sift.MDCBasedDiscriminator] for [discriminator] property
13:43:39,820 |-INFO in org.apache.rocketmq.logging.ch.qos.logback.core.model.processor.AppenderModelHandler - Processing appender named [RocketmqStatsSiftingAppender]
13:43:39,820 |-INFO in org.apache.rocketmq.logging.ch.qos.logback.core.model.processor.AppenderModelHandler - About to instantiate appender of type [org.apache.rocketmq.logging.ch.qos.logback.classic.AsyncAppender]
13:43:39,820 |-INFO in org.apache.rocketmq.logging.ch.qos.logback.core.model.processor.AppenderRefModelHandler - Attaching appender named [RocketmqStatsSiftingAppender_inner] to org.apache.rocketmq.logging.ch.qos.logback.classic.AsyncAppender[RocketmqStatsSiftingAppender]
13:43:39,820 |-INFO in org.apache.rocketmq.logging.ch.qos.logback.classic.AsyncAppender[RocketmqStatsSiftingAppender] - Attaching appender named [RocketmqStatsSiftingAppender_inner] to AsyncAppender.
13:43:39,820 |-INFO in org.apache.rocketmq.logging.ch.qos.logback.classic.AsyncAppender[RocketmqStatsSiftingAppender] - Setting discardingThreshold to 51
13:43:39,820 |-INFO in org.apache.rocketmq.logging.ch.qos.logback.core.model.processor.AppenderModelHandler - Processing appender named [RocketmqCommercialSiftingAppender_inner]
13:43:39,820 |-INFO in org.apache.rocketmq.logging.ch.qos.logback.core.model.processor.AppenderModelHandler - About to instantiate appender of type [org.apache.rocketmq.logging.ch.qos.logback.classic.sift.SiftingAppender]
13:43:39,820 |-INFO in org.apache.rocketmq.logging.ch.qos.logback.core.model.processor.ImplicitModelHandler - Assuming default type [org.apache.rocketmq.logging.ch.qos.logback.classic.sift.MDCBasedDiscriminator] for [discriminator] property
13:43:39,821 |-INFO in org.apache.rocketmq.logging.ch.qos.logback.core.model.processor.AppenderModelHandler - Processing appender named [RocketmqCommercialSiftingAppender]
13:43:39,821 |-INFO in org.apache.rocketmq.logging.ch.qos.logback.core.model.processor.AppenderModelHandler - About to instantiate appender of type [org.apache.rocketmq.logging.ch.qos.logback.classic.AsyncAppender]
13:43:39,821 |-INFO in org.apache.rocketmq.logging.ch.qos.logback.core.model.processor.AppenderRefModelHandler - Attaching appender named [RocketmqCommercialSiftingAppender_inner] to org.apache.rocketmq.logging.ch.qos.logback.classic.AsyncAppender[RocketmqCommercialSiftingAppender]
13:43:39,821 |-INFO in org.apache.rocketmq.logging.ch.qos.logback.classic.AsyncAppender[RocketmqCommercialSiftingAppender] - Attaching appender named [RocketmqCommercialSiftingAppender_inner] to AsyncAppender.
13:43:39,821 |-INFO in org.apache.rocketmq.logging.ch.qos.logback.classic.AsyncAppender[RocketmqCommercialSiftingAppender] - Setting discardingThreshold to 51
13:43:39,821 |-INFO in org.apache.rocketmq.logging.ch.qos.logback.core.model.processor.AppenderModelHandler - Processing appender named [RocketmqPopSiftingAppender_inner]
13:43:39,821 |-INFO in org.apache.rocketmq.logging.ch.qos.logback.core.model.processor.AppenderModelHandler - About to instantiate appender of type [org.apache.rocketmq.logging.ch.qos.logback.classic.sift.SiftingAppender]
13:43:39,823 |-INFO in org.apache.rocketmq.logging.ch.qos.logback.core.model.processor.ImplicitModelHandler - Assuming default type [org.apache.rocketmq.logging.ch.qos.logback.classic.sift.MDCBasedDiscriminator] for [discriminator] property
13:43:39,824 |-INFO in org.apache.rocketmq.logging.ch.qos.logback.core.model.processor.AppenderModelHandler - Processing appender named [RocketmqPopSiftingAppender]
13:43:39,824 |-INFO in org.apache.rocketmq.logging.ch.qos.logback.core.model.processor.AppenderModelHandler - About to instantiate appender of type [org.apache.rocketmq.logging.ch.qos.logback.classic.AsyncAppender]
13:43:39,824 |-INFO in org.apache.rocketmq.logging.ch.qos.logback.core.model.processor.AppenderRefModelHandler - Attaching appender named [RocketmqPopSiftingAppender_inner] to org.apache.rocketmq.logging.ch.qos.logback.classic.AsyncAppender[RocketmqPopSiftingAppender]
13:43:39,824 |-INFO in org.apache.rocketmq.logging.ch.qos.logback.classic.AsyncAppender[RocketmqPopSiftingAppender] - Attaching appender named [RocketmqPopSiftingAppender_inner] to AsyncAppender.
13:43:39,824 |-INFO in org.apache.rocketmq.logging.ch.qos.logback.classic.AsyncAppender[RocketmqPopSiftingAppender] - Setting discardingThreshold to 51
13:43:39,824 |-INFO in org.apache.rocketmq.logging.ch.qos.logback.core.model.processor.AppenderModelHandler - Processing appender named [RocketmqColdCtrSiftingAppender]
13:43:39,824 |-INFO in org.apache.rocketmq.logging.ch.qos.logback.core.model.processor.AppenderModelHandler - About to instantiate appender of type [org.apache.rocketmq.logging.ch.qos.logback.classic.sift.SiftingAppender]
13:43:39,824 |-INFO in org.apache.rocketmq.logging.ch.qos.logback.core.model.processor.ImplicitModelHandler - Assuming default type [org.apache.rocketmq.logging.ch.qos.logback.classic.sift.MDCBasedDiscriminator] for [discriminator] property
13:43:39,824 |-INFO in org.apache.rocketmq.logging.ch.qos.logback.core.model.processor.AppenderModelHandler - Processing appender named [RocketmqBrokerMetricsSiftingAppender_inner]
13:43:39,824 |-INFO in org.apache.rocketmq.logging.ch.qos.logback.core.model.processor.AppenderModelHandler - About to instantiate appender of type [org.apache.rocketmq.logging.ch.qos.logback.classic.sift.SiftingAppender]
13:43:39,824 |-INFO in org.apache.rocketmq.logging.ch.qos.logback.core.model.processor.ImplicitModelHandler - Assuming default type [org.apache.rocketmq.logging.ch.qos.logback.classic.sift.MDCBasedDiscriminator] for [discriminator] property
13:43:39,824 |-INFO in org.apache.rocketmq.logging.ch.qos.logback.core.model.processor.AppenderModelHandler - Processing appender named [RocketmqBrokerMetricsSiftingAppender]
13:43:39,824 |-INFO in org.apache.rocketmq.logging.ch.qos.logback.core.model.processor.AppenderModelHandler - About to instantiate appender of type [org.apache.rocketmq.logging.ch.qos.logback.classic.AsyncAppender]
13:43:39,824 |-INFO in org.apache.rocketmq.logging.ch.qos.logback.core.model.processor.AppenderRefModelHandler - Attaching appender named [RocketmqBrokerMetricsSiftingAppender_inner] to org.apache.rocketmq.logging.ch.qos.logback.classic.AsyncAppender[RocketmqBrokerMetricsSiftingAppender]
13:43:39,824 |-INFO in org.apache.rocketmq.logging.ch.qos.logback.classic.AsyncAppender[RocketmqBrokerMetricsSiftingAppender] - Attaching appender named [RocketmqBrokerMetricsSiftingAppender_inner] to AsyncAppender.
13:43:39,824 |-INFO in org.apache.rocketmq.logging.ch.qos.logback.classic.AsyncAppender[RocketmqBrokerMetricsSiftingAppender] - Setting discardingThreshold to 51
13:43:39,824 |-INFO in org.apache.rocketmq.logging.ch.qos.logback.core.model.processor.AppenderModelHandler - Processing appender named [RocketmqAuthAuditSiftingAppender_inner]
13:43:39,824 |-INFO in org.apache.rocketmq.logging.ch.qos.logback.core.model.processor.AppenderModelHandler - About to instantiate appender of type [org.apache.rocketmq.logging.ch.qos.logback.classic.sift.SiftingAppender]
13:43:39,824 |-INFO in org.apache.rocketmq.logging.ch.qos.logback.core.model.processor.ImplicitModelHandler - Assuming default type [org.apache.rocketmq.logging.ch.qos.logback.classic.sift.MDCBasedDiscriminator] for [discriminator] property
13:43:39,825 |-INFO in org.apache.rocketmq.logging.ch.qos.logback.core.model.processor.AppenderModelHandler - Processing appender named [RocketmqAuthAuditSiftingAppender]
13:43:39,825 |-INFO in org.apache.rocketmq.logging.ch.qos.logback.core.model.processor.AppenderModelHandler - About to instantiate appender of type [org.apache.rocketmq.logging.ch.qos.logback.classic.AsyncAppender]
13:43:39,825 |-INFO in org.apache.rocketmq.logging.ch.qos.logback.core.model.processor.AppenderRefModelHandler - Attaching appender named [RocketmqAuthAuditSiftingAppender_inner] to org.apache.rocketmq.logging.ch.qos.logback.classic.AsyncAppender[RocketmqAuthAuditSiftingAppender]
13:43:39,825 |-INFO in org.apache.rocketmq.logging.ch.qos.logback.classic.AsyncAppender[RocketmqAuthAuditSiftingAppender] - Attaching appender named [RocketmqAuthAuditSiftingAppender_inner] to AsyncAppender.
13:43:39,825 |-INFO in org.apache.rocketmq.logging.ch.qos.logback.classic.AsyncAppender[RocketmqAuthAuditSiftingAppender] - Setting discardingThreshold to 51
13:43:39,825 |-INFO in org.apache.rocketmq.logging.ch.qos.logback.core.model.processor.AppenderModelHandler - Processing appender named [STDOUT]
13:43:39,825 |-INFO in org.apache.rocketmq.logging.ch.qos.logback.core.model.processor.AppenderModelHandler - About to instantiate appender of type [org.apache.rocketmq.logging.ch.qos.logback.core.ConsoleAppender]
13:43:39,827 |-INFO in org.apache.rocketmq.logging.ch.qos.logback.core.model.processor.ImplicitModelHandler - Assuming default type [org.apache.rocketmq.logging.ch.qos.logback.classic.encoder.PatternLayoutEncoder] for [encoder] property
13:43:39,862 |-INFO in org.apache.rocketmq.logging.ch.qos.logback.classic.model.processor.LoggerModelHandler - Setting level of logger [RocketmqBroker] to INFO
13:43:39,862 |-INFO in org.apache.rocketmq.logging.ch.qos.logback.classic.model.processor.LoggerModelHandler - Setting additivity of logger [RocketmqBroker] to false
13:43:39,862 |-INFO in org.apache.rocketmq.logging.ch.qos.logback.core.model.processor.AppenderRefModelHandler - Attaching appender named [RocketmqBrokerSiftingAppender] to Logger[RocketmqBroker]
13:43:39,862 |-INFO in org.apache.rocketmq.logging.ch.qos.logback.classic.model.processor.LoggerModelHandler - Setting level of logger [RocketmqProtection] to INFO
13:43:39,862 |-INFO in org.apache.rocketmq.logging.ch.qos.logback.classic.model.processor.LoggerModelHandler - Setting additivity of logger [RocketmqProtection] to false
13:43:39,862 |-INFO in org.apache.rocketmq.logging.ch.qos.logback.core.model.processor.AppenderRefModelHandler - Attaching appender named [RocketmqProtectionSiftingAppender] to Logger[RocketmqProtection]
13:43:39,862 |-INFO in org.apache.rocketmq.logging.ch.qos.logback.classic.model.processor.LoggerModelHandler - Setting level of logger [RocketmqWaterMark] to INFO
13:43:39,862 |-INFO in org.apache.rocketmq.logging.ch.qos.logback.classic.model.processor.LoggerModelHandler - Setting additivity of logger [RocketmqWaterMark] to false
13:43:39,862 |-INFO in org.apache.rocketmq.logging.ch.qos.logback.core.model.processor.AppenderRefModelHandler - Attaching appender named [RocketmqWaterMarkSiftingAppender] to Logger[RocketmqWaterMark]
13:43:39,862 |-INFO in org.apache.rocketmq.logging.ch.qos.logback.classic.model.processor.LoggerModelHandler - Setting level of logger [RocketmqCommon] to INFO
13:43:39,862 |-INFO in org.apache.rocketmq.logging.ch.qos.logback.classic.model.processor.LoggerModelHandler - Setting additivity of logger [RocketmqCommon] to false
13:43:39,862 |-INFO in org.apache.rocketmq.logging.ch.qos.logback.core.model.processor.AppenderRefModelHandler - Attaching appender named [RocketmqBrokerSiftingAppender] to Logger[RocketmqCommon]
13:43:39,862 |-INFO in org.apache.rocketmq.logging.ch.qos.logback.classic.model.processor.LoggerModelHandler - Setting level of logger [RocketmqRocksDB] to INFO
13:43:39,862 |-INFO in org.apache.rocketmq.logging.ch.qos.logback.classic.model.processor.LoggerModelHandler - Setting additivity of logger [RocketmqRocksDB] to false
13:43:39,862 |-INFO in org.apache.rocketmq.logging.ch.qos.logback.core.model.processor.AppenderRefModelHandler - Attaching appender named [RocketmqRocksDBSiftingAppender] to Logger[RocketmqRocksDB]
13:43:39,862 |-INFO in org.apache.rocketmq.logging.ch.qos.logback.classic.model.processor.LoggerModelHandler - Setting level of logger [RocketmqStore] to INFO
13:43:39,862 |-INFO in org.apache.rocketmq.logging.ch.qos.logback.classic.model.processor.LoggerModelHandler - Setting additivity of logger [RocketmqStore] to false
13:43:39,862 |-INFO in org.apache.rocketmq.logging.ch.qos.logback.core.model.processor.AppenderRefModelHandler - Attaching appender named [RocketmqStoreSiftingAppender] to Logger[RocketmqStore]
13:43:39,862 |-INFO in org.apache.rocketmq.logging.ch.qos.logback.classic.model.processor.LoggerModelHandler - Setting level of logger [RocketmqStoreError] to INFO
13:43:39,862 |-INFO in org.apache.rocketmq.logging.ch.qos.logback.classic.model.processor.LoggerModelHandler - Setting additivity of logger [RocketmqStoreError] to false
13:43:39,862 |-INFO in org.apache.rocketmq.logging.ch.qos.logback.core.model.processor.AppenderRefModelHandler - Attaching appender named [RocketmqStoreErrorSiftingAppender] to Logger[RocketmqStoreError]
13:43:39,862 |-INFO in org.apache.rocketmq.logging.ch.qos.logback.classic.model.processor.LoggerModelHandler - Setting level of logger [RocketmqTieredStore] to INFO
13:43:39,862 |-INFO in org.apache.rocketmq.logging.ch.qos.logback.classic.model.processor.LoggerModelHandler - Setting additivity of logger [RocketmqTieredStore] to false
13:43:39,862 |-INFO in org.apache.rocketmq.logging.ch.qos.logback.core.model.processor.AppenderRefModelHandler - Attaching appender named [RocketmqTieredStoreSiftingAppender] to Logger[RocketmqTieredStore]
13:43:39,862 |-INFO in org.apache.rocketmq.logging.ch.qos.logback.classic.model.processor.LoggerModelHandler - Setting level of logger [RocketmqTransaction] to INFO
13:43:39,862 |-INFO in org.apache.rocketmq.logging.ch.qos.logback.classic.model.processor.LoggerModelHandler - Setting additivity of logger [RocketmqTransaction] to false
13:43:39,862 |-INFO in org.apache.rocketmq.logging.ch.qos.logback.core.model.processor.AppenderRefModelHandler - Attaching appender named [RocketmqTransactionSiftingAppender] to Logger[RocketmqTransaction]
13:43:39,862 |-INFO in org.apache.rocketmq.logging.ch.qos.logback.classic.model.processor.LoggerModelHandler - Setting level of logger [RocketmqRebalanceLock] to INFO
13:43:39,862 |-INFO in org.apache.rocketmq.logging.ch.qos.logback.classic.model.processor.LoggerModelHandler - Setting additivity of logger [RocketmqRebalanceLock] to false
13:43:39,862 |-INFO in org.apache.rocketmq.logging.ch.qos.logback.core.model.processor.AppenderRefModelHandler - Attaching appender named [RocketmqRebalanceLockSiftingAppender] to Logger[RocketmqRebalanceLock]
13:43:39,862 |-INFO in org.apache.rocketmq.logging.ch.qos.logback.classic.model.processor.LoggerModelHandler - Setting level of logger [RocketmqRemoting] to INFO
13:43:39,862 |-INFO in org.apache.rocketmq.logging.ch.qos.logback.classic.model.processor.LoggerModelHandler - Setting additivity of logger [RocketmqRemoting] to false
13:43:39,862 |-INFO in org.apache.rocketmq.logging.ch.qos.logback.core.model.processor.AppenderRefModelHandler - Attaching appender named [RocketmqRemotingSiftingAppender] to Logger[RocketmqRemoting]
13:43:39,862 |-INFO in org.apache.rocketmq.logging.ch.qos.logback.classic.model.processor.LoggerModelHandler - Setting level of logger [RocketmqStats] to INFO
13:43:39,862 |-INFO in org.apache.rocketmq.logging.ch.qos.logback.classic.model.processor.LoggerModelHandler - Setting additivity of logger [RocketmqStats] to false
13:43:39,862 |-INFO in org.apache.rocketmq.logging.ch.qos.logback.core.model.processor.AppenderRefModelHandler - Attaching appender named [RocketmqStatsSiftingAppender] to Logger[RocketmqStats]
13:43:39,862 |-INFO in org.apache.rocketmq.logging.ch.qos.logback.classic.model.processor.LoggerModelHandler - Setting level of logger [RocketmqCommercial] to INFO
13:43:39,862 |-INFO in org.apache.rocketmq.logging.ch.qos.logback.classic.model.processor.LoggerModelHandler - Setting additivity of logger [RocketmqCommercial] to false
13:43:39,862 |-INFO in org.apache.rocketmq.logging.ch.qos.logback.core.model.processor.AppenderRefModelHandler - Attaching appender named [RocketmqCommercialSiftingAppender] to Logger[RocketmqCommercial]
13:43:39,862 |-INFO in org.apache.rocketmq.logging.ch.qos.logback.classic.model.processor.LoggerModelHandler - Setting level of logger [RocketmqConsole] to INFO
13:43:39,862 |-INFO in org.apache.rocketmq.logging.ch.qos.logback.classic.model.processor.LoggerModelHandler - Setting additivity of logger [RocketmqConsole] to false
13:43:39,862 |-INFO in org.apache.rocketmq.logging.ch.qos.logback.core.model.processor.AppenderRefModelHandler - Attaching appender named [STDOUT] to Logger[RocketmqConsole]
13:43:39,862 |-INFO in org.apache.rocketmq.logging.ch.qos.logback.classic.model.processor.LoggerModelHandler - Setting level of logger [RocketmqPop] to INFO
13:43:39,862 |-INFO in org.apache.rocketmq.logging.ch.qos.logback.classic.model.processor.LoggerModelHandler - Setting additivity of logger [RocketmqPop] to false
13:43:39,862 |-INFO in org.apache.rocketmq.logging.ch.qos.logback.core.model.processor.AppenderRefModelHandler - Attaching appender named [RocketmqPopSiftingAppender] to Logger[RocketmqPop]
13:43:39,863 |-INFO in org.apache.rocketmq.logging.ch.qos.logback.classic.model.processor.LoggerModelHandler - Setting additivity of logger [RocketmqColdCtr] to false
13:43:39,863 |-INFO in org.apache.rocketmq.logging.ch.qos.logback.classic.model.processor.LevelModelHandler - RocketmqColdCtr level set to INFO
13:43:39,863 |-INFO in org.apache.rocketmq.logging.ch.qos.logback.core.model.processor.AppenderRefModelHandler - Attaching appender named [RocketmqColdCtrSiftingAppender] to Logger[RocketmqColdCtr]
13:43:39,863 |-INFO in org.apache.rocketmq.logging.ch.qos.logback.classic.model.processor.LoggerModelHandler - Setting level of logger [RocketmqTraffic] to INFO
13:43:39,863 |-INFO in org.apache.rocketmq.logging.ch.qos.logback.classic.model.processor.LoggerModelHandler - Setting additivity of logger [RocketmqTraffic] to false
13:43:39,863 |-INFO in org.apache.rocketmq.logging.ch.qos.logback.core.model.processor.AppenderRefModelHandler - Attaching appender named [RocketmqTrafficSiftingAppender] to Logger[RocketmqTraffic]
13:43:39,863 |-INFO in org.apache.rocketmq.logging.ch.qos.logback.classic.model.processor.LoggerModelHandler - Setting level of logger [io.opentelemetry.exporter.logging.otlp.OtlpJsonLoggingMetricExporter] to INFO
13:43:39,863 |-INFO in org.apache.rocketmq.logging.ch.qos.logback.classic.model.processor.LoggerModelHandler - Setting additivity of logger [io.opentelemetry.exporter.logging.otlp.OtlpJsonLoggingMetricExporter] to false
13:43:39,863 |-INFO in org.apache.rocketmq.logging.ch.qos.logback.core.model.processor.AppenderRefModelHandler - Attaching appender named [RocketmqBrokerMetricsSiftingAppender] to Logger[io.opentelemetry.exporter.logging.otlp.OtlpJsonLoggingMetricExporter]
13:43:39,863 |-INFO in org.apache.rocketmq.logging.ch.qos.logback.classic.model.processor.LoggerModelHandler - Setting level of logger [io.opentelemetry.exporter.logging.LoggingMetricExporter] to INFO
13:43:39,863 |-INFO in org.apache.rocketmq.logging.ch.qos.logback.classic.model.processor.LoggerModelHandler - Setting additivity of logger [io.opentelemetry.exporter.logging.LoggingMetricExporter] to false
13:43:39,863 |-INFO in org.apache.rocketmq.logging.ch.qos.logback.core.model.processor.AppenderRefModelHandler - Attaching appender named [RocketmqBrokerMetricsSiftingAppender] to Logger[io.opentelemetry.exporter.logging.LoggingMetricExporter]
13:43:39,863 |-INFO in org.apache.rocketmq.logging.ch.qos.logback.classic.model.processor.LoggerModelHandler - Setting level of logger [RocketmqAuthAudit] to INFO
13:43:39,863 |-INFO in org.apache.rocketmq.logging.ch.qos.logback.classic.model.processor.LoggerModelHandler - Setting additivity of logger [RocketmqAuthAudit] to false
13:43:39,863 |-INFO in org.apache.rocketmq.logging.ch.qos.logback.core.model.processor.AppenderRefModelHandler - Attaching appender named [RocketmqAuthAuditSiftingAppender] to Logger[RocketmqAuthAudit]
13:43:39,863 |-INFO in org.apache.rocketmq.logging.ch.qos.logback.classic.model.processor.RootLoggerModelHandler - Setting level of ROOT logger to INFO
13:43:39,863 |-INFO in org.apache.rocketmq.logging.ch.qos.logback.core.model.processor.AppenderRefModelHandler - Attaching appender named [DefaultSiftingAppender] to Logger[ROOT]
13:43:39,863 |-INFO in org.apache.rocketmq.logging.ch.qos.logback.core.model.processor.DefaultProcessor@4e718207 - End of configuration.
13:43:39,864 |-INFO in org.apache.rocketmq.common.logging.JoranConfiguratorExt@1d371b2d - Registering current configuration as safe fallback point

The broker[YuanYang, 172.17.176.1:10911] boot success. serializeType=JSON and name server is localhost:9876
